<?xml version="1.0" encoding="UTF-8"?>
<!-- Generated by org.testng.reporters.JUnitXMLReporter -->
<testsuite ignored="0" hostname="Anay_Sahai" failures="1" tests="3" name="Error Validations Test" time="11.868" errors="0" timestamp="2025-07-26T15:26:58 IST">
  <testcase classname="anaysahaiqa.ErrorValidations" name="loginErrorValidation" time="0.386">
    <skipped/>
  </testcase> <!-- loginErrorValidation -->
  <testcase classname="anaysahaiqa.ErrorValidations" name="loginErrorValidation" time="0.34">
    <failure type="java.lang.AssertionError" message="expected [Incorrect email or password.] but found [Incorrect email password.]">
      <![CDATA[java.lang.AssertionError: expected [Incorrect email or password.] but found [Incorrect email password.]
at anaysahaiqa.ErrorValidations.loginErrorValidation(ErrorValidations.java:24)
at java.base/java.util.ArrayList.forEach(ArrayList.java:1596)
at java.base/java.util.concurrent.FutureTask.run(FutureTask.java:317)
at java.base/java.util.concurrent.ThreadPoolExecutor.runWorker(ThreadPoolExecutor.java:1144)
at java.base/java.util.concurrent.ThreadPoolExecutor$Worker.run(ThreadPoolExecutor.java:642)
at java.base/java.lang.Thread.run(Thread.java:1583)
... Removed 21 stack frames]]>
    </failure>
  </testcase> <!-- loginErrorValidation -->
  <testcase classname="anaysahaiqa.ErrorValidations" name="productErrorValidation" time="2.021"/>
</testsuite> <!-- Error Validations Test -->
