<?xml version="1.0" encoding="UTF-8"?>
<!-- Generated by org.testng.reporters.JUnitXMLReporter -->
<testsuite ignored="0" hostname="Anay_Sahai" failures="0" tests="3" name="Submit Order Test" time="29.558" errors="0" timestamp="2025-07-26T15:27:16 IST">
  <testcase classname="anaysahaiqa.POMFrameworkDesign" name="submitOrder" time="9.669"/>
  <testcase classname="anaysahaiqa.POMFrameworkDesign" name="submitOrder" time="10.646"/>
  <testcase classname="anaysahaiqa.POMFrameworkDesign" name="orderHistory" time="0.585"/>
</testsuite> <!-- Submit Order Test -->
