<?xml version="1.0" encoding="UTF-8"?>
<!-- Generated by org.testng.reporters.JUnitXMLReporter -->
<testsuite ignored="0" hostname="Anay_Sahai" failures="0" tests="3" name="Submit Order Test" time="31.808" errors="0" timestamp="2025-08-09T14:14:09 IST">
  <testcase classname="anaysahaiqa.POMFrameworkDesign" name="submitOrder" time="10.007"/>
  <testcase classname="anaysahaiqa.POMFrameworkDesign" name="submitOrder" time="9.527"/>
  <testcase classname="anaysahaiqa.POMFrameworkDesign" name="orderHistory" time="0.844"/>
</testsuite> <!-- Submit Order Test -->
