<?xml version="1.0" encoding="UTF-8"?>
<testng-results ignored="0" total="5" passed="5" failed="0" skipped="0">
  <reporter-output>
  </reporter-output>
  <suite started-at="2025-08-09T14:13:37 IST" name="Suite" finished-at="2025-08-09T14:14:09 IST" duration-ms="31808">
    <groups>
      <group name="ErrorHandling">
        <method signature="ErrorValidations.loginErrorValidation()[pri:0, instance:anaysahaiqa.ErrorValidations@3b35a229]" name="loginErrorValidation" class="anaysahaiqa.ErrorValidations"/>
      </group> <!-- ErrorHandling -->
      <group name="Purchase">
        <method signature="POMFrameworkDesign.submitOrder(java.util.HashMap)[pri:0, instance:anaysahaiqa.POMFrameworkDesign@740fb309]" name="submitOrder" class="anaysahaiqa.POMFrameworkDesign"/>
      </group> <!-- Purchase -->
    </groups>
    <test started-at="2025-08-09T14:13:37 IST" name="Error Validations Test" finished-at="2025-08-09T14:14:00 IST" duration-ms="23719">
      <class name="anaysahaiqa.ErrorValidations">
        <test-method is-config="true" signature="LaunchApplication()[pri:0, instance:anaysahaiqa.ErrorValidations@3b35a229]" started-at="2025-08-09T14:13:37 IST" name="LaunchApplication" finished-at="2025-08-09T14:13:43 IST" duration-ms="5816" status="PASS">
          <reporter-output>
          </reporter-output>
        </test-method> <!-- LaunchApplication -->
        <test-method signature="loginErrorValidation()[pri:0, instance:anaysahaiqa.ErrorValidations@3b35a229]" started-at="2025-08-09T14:13:43 IST" name="loginErrorValidation" finished-at="2025-08-09T14:13:43 IST" duration-ms="613" status="PASS">
          <reporter-output>
          </reporter-output>
        </test-method> <!-- loginErrorValidation -->
        <test-method is-config="true" signature="teardown()[pri:0, instance:anaysahaiqa.ErrorValidations@3b35a229]" started-at="2025-08-09T14:13:43 IST" name="teardown" finished-at="2025-08-09T14:13:43 IST" duration-ms="116" status="PASS">
          <reporter-output>
          </reporter-output>
        </test-method> <!-- teardown -->
        <test-method is-config="true" signature="LaunchApplication()[pri:0, instance:anaysahaiqa.ErrorValidations@3b35a229]" started-at="2025-08-09T14:13:43 IST" name="LaunchApplication" finished-at="2025-08-09T14:13:47 IST" duration-ms="3305" status="PASS">
          <reporter-output>
          </reporter-output>
        </test-method> <!-- LaunchApplication -->
        <test-method signature="productErrorValidation()[pri:0, instance:anaysahaiqa.ErrorValidations@3b35a229]" started-at="2025-08-09T14:13:47 IST" name="productErrorValidation" finished-at="2025-08-09T14:14:00 IST" duration-ms="13657" status="PASS">
          <reporter-output>
          </reporter-output>
        </test-method> <!-- productErrorValidation -->
        <test-method is-config="true" signature="teardown()[pri:0, instance:anaysahaiqa.ErrorValidations@3b35a229]" started-at="2025-08-09T14:14:00 IST" name="teardown" finished-at="2025-08-09T14:14:00 IST" duration-ms="152" status="PASS">
          <reporter-output>
          </reporter-output>
        </test-method> <!-- teardown -->
      </class> <!-- anaysahaiqa.ErrorValidations -->
    </test> <!-- Error Validations Test -->
    <test started-at="2025-08-09T14:13:37 IST" name="Submit Order Test" finished-at="2025-08-09T14:14:09 IST" duration-ms="31808">
      <class name="anaysahaiqa.POMFrameworkDesign">
        <test-method is-config="true" signature="LaunchApplication()[pri:0, instance:anaysahaiqa.POMFrameworkDesign@740fb309]" started-at="2025-08-09T14:13:37 IST" name="LaunchApplication" finished-at="2025-08-09T14:13:43 IST" duration-ms="5605" status="PASS">
          <reporter-output>
          </reporter-output>
        </test-method> <!-- LaunchApplication -->
        <test-method signature="submitOrder(java.util.HashMap)[pri:0, instance:anaysahaiqa.POMFrameworkDesign@740fb309]" started-at="2025-08-09T14:13:43 IST" name="submitOrder" data-provider="getData" finished-at="2025-08-09T14:13:53 IST" duration-ms="10007" status="PASS">
          <params>
            <param index="0">
              <value>
                <![CDATA[{password=Abcd1234!, product=ZARA COAT 3, email=test@anay.com}]]>
              </value>
            </param>
          </params>
          <reporter-output>
          </reporter-output>
        </test-method> <!-- submitOrder -->
        <test-method is-config="true" signature="teardown()[pri:0, instance:anaysahaiqa.POMFrameworkDesign@740fb309]" started-at="2025-08-09T14:13:53 IST" name="teardown" finished-at="2025-08-09T14:13:53 IST" duration-ms="123" status="PASS">
          <reporter-output>
          </reporter-output>
        </test-method> <!-- teardown -->
        <test-method is-config="true" signature="LaunchApplication()[pri:0, instance:anaysahaiqa.POMFrameworkDesign@740fb309]" started-at="2025-08-09T14:13:53 IST" name="LaunchApplication" finished-at="2025-08-09T14:13:55 IST" duration-ms="2054" status="PASS">
          <reporter-output>
          </reporter-output>
        </test-method> <!-- LaunchApplication -->
        <test-method signature="submitOrder(java.util.HashMap)[pri:0, instance:anaysahaiqa.POMFrameworkDesign@740fb309]" started-at="2025-08-09T14:13:55 IST" name="submitOrder" data-provider="getData" finished-at="2025-08-09T14:14:04 IST" duration-ms="9527" status="PASS">
          <params>
            <param index="0">
              <value>
                <![CDATA[{password=Abcd@1234, product=ADIDAS ORIGINAL, email=anay@test.com}]]>
              </value>
            </param>
          </params>
          <reporter-output>
          </reporter-output>
        </test-method> <!-- submitOrder -->
        <test-method is-config="true" signature="teardown()[pri:0, instance:anaysahaiqa.POMFrameworkDesign@740fb309]" started-at="2025-08-09T14:14:04 IST" name="teardown" finished-at="2025-08-09T14:14:04 IST" duration-ms="118" status="PASS">
          <reporter-output>
          </reporter-output>
        </test-method> <!-- teardown -->
        <test-method is-config="true" signature="LaunchApplication()[pri:0, instance:anaysahaiqa.POMFrameworkDesign@740fb309]" started-at="2025-08-09T14:14:04 IST" name="LaunchApplication" finished-at="2025-08-09T14:14:08 IST" duration-ms="3206" status="PASS">
          <reporter-output>
          </reporter-output>
        </test-method> <!-- LaunchApplication -->
        <test-method signature="orderHistory()[pri:0, instance:anaysahaiqa.POMFrameworkDesign@740fb309]" started-at="2025-08-09T14:14:08 IST" name="orderHistory" finished-at="2025-08-09T14:14:08 IST" depends-on-methods="anaysahaiqa.POMFrameworkDesign.submitOrder" duration-ms="844" status="PASS">
          <reporter-output>
          </reporter-output>
        </test-method> <!-- orderHistory -->
        <test-method is-config="true" signature="teardown()[pri:0, instance:anaysahaiqa.POMFrameworkDesign@740fb309]" started-at="2025-08-09T14:14:08 IST" name="teardown" finished-at="2025-08-09T14:14:09 IST" duration-ms="90" status="PASS">
          <reporter-output>
          </reporter-output>
        </test-method> <!-- teardown -->
      </class> <!-- anaysahaiqa.POMFrameworkDesign -->
    </test> <!-- Submit Order Test -->
  </suite> <!-- Suite -->
</testng-results>
