<?xml version="1.0" encoding="UTF-8"?>
<!-- Generated by org.testng.reporters.JUnitReportReporter -->
<testsuite hostname="Anay_Sahai" failures="0" tests="3" name="anaysahaiqa.POMFrameworkDesign" time="29.339" errors="0" timestamp="2025-07-26T15:27:16 IST" skipped="0">
  <testcase classname="anaysahaiqa.POMFrameworkDesign" name="orderHistory" time="2.813"/>
  <testcase classname="anaysahaiqa.POMFrameworkDesign" name="submitOrder" time="13.032"/>
  <testcase classname="anaysahaiqa.POMFrameworkDesign" name="submitOrder" time="13.494"/>
</testsuite> <!-- anaysahaiqa.POMFrameworkDesign -->
