<?xml version="1.0" encoding="UTF-8"?>
<!-- Generated by org.testng.reporters.JUnitReportReporter -->
<testsuite hostname="Anay_Sahai" failures="0" tests="3" name="anaysahaiqa.POMFrameworkDesign" time="31.574" errors="0" timestamp="2025-08-09T14:14:09 IST" skipped="0">
  <testcase classname="anaysahaiqa.POMFrameworkDesign" name="orderHistory" time="4.168"/>
  <testcase classname="anaysahaiqa.POMFrameworkDesign" name="submitOrder" time="12.151"/>
  <testcase classname="anaysahaiqa.POMFrameworkDesign" name="submitOrder" time="15.255"/>
</testsuite> <!-- anaysahaiqa.POMFrameworkDesign -->
