<?xml version="1.0" encoding="UTF-8"?>
<!-- Generated by org.testng.reporters.JUnitReportReporter -->
<testsuite hostname="Anay_Sahai" failures="0" tests="2" name="anaysahaiqa.ErrorValidations" time="23.659" errors="0" timestamp="2025-08-09T14:14:09 IST" skipped="0">
  <testcase classname="anaysahaiqa.ErrorValidations" name="loginErrorValidation" time="6.545"/>
  <testcase classname="anaysahaiqa.ErrorValidations" name="productErrorValidation" time="17.114"/>
</testsuite> <!-- anaysahaiqa.ErrorValidations -->
